<?xml version="1.0" encoding="UTF-8"?>
<!-- Generated by org.testng.reporters.JUnitXMLReporter -->
<testsuite hostname="A2ML25826" ignored="0" name="Test" tests="5" failures="3" timestamp="2020-04-01T11:27:08 IST" time="46.16" errors="0">
  <testcase name="CruiseBooking" time="0.067" classname="newTours.Automation.CruiseBookingApp">
    <failure type="java.lang.IllegalStateException" message="The driver executable does not exist: C:\Users\m1014807\eclipse-workspace\Automation\libs\chromedriver.exe">
      <![CDATA[java.lang.IllegalStateException: The driver executable does not exist: C:\Users\m1014807\eclipse-workspace\Automation\libs\chromedriver.exe
at com.google.common.base.Preconditions.checkState(Preconditions.java:585)
at org.openqa.selenium.remote.service.DriverService.checkExecutable(DriverService.java:146)
at org.openqa.selenium.remote.service.DriverService.findExecutable(DriverService.java:141)
at org.openqa.selenium.chrome.ChromeDriverService.access$000(ChromeDriverService.java:35)
at org.openqa.selenium.chrome.ChromeDriverService$Builder.findDefaultExecutable(ChromeDriverService.java:159)
at org.openqa.selenium.remote.service.DriverService$Builder.build(DriverService.java:355)
at org.openqa.selenium.chrome.ChromeDriverService.createDefaultService(ChromeDriverService.java:94)
at org.openqa.selenium.chrome.ChromeDriver.<init>(ChromeDriver.java:123)
at newTours.Automation.CruiseBookingApp.CruiseBooking(CruiseBookingApp.java:13)
at java.util.ArrayList.forEach(ArrayList.java:1257)
... Removed 27 stack frames]]>
    </failure>
  </testcase> <!-- CruiseBooking -->
  <testcase name="FlightBooking" time="0.014" classname="newTours.Automation.FlightBookingApp">
    <failure type="java.lang.IllegalStateException" message="The driver executable does not exist: C:\Users\m1014807\eclipse-workspace\Automation\libs\chromedriver.exe">
      <![CDATA[java.lang.IllegalStateException: The driver executable does not exist: C:\Users\m1014807\eclipse-workspace\Automation\libs\chromedriver.exe
at com.google.common.base.Preconditions.checkState(Preconditions.java:585)
at org.openqa.selenium.remote.service.DriverService.checkExecutable(DriverService.java:146)
at org.openqa.selenium.remote.service.DriverService.findExecutable(DriverService.java:141)
at org.openqa.selenium.chrome.ChromeDriverService.access$000(ChromeDriverService.java:35)
at org.openqa.selenium.chrome.ChromeDriverService$Builder.findDefaultExecutable(ChromeDriverService.java:159)
at org.openqa.selenium.remote.service.DriverService$Builder.build(DriverService.java:355)
at org.openqa.selenium.chrome.ChromeDriverService.createDefaultService(ChromeDriverService.java:94)
at org.openqa.selenium.chrome.ChromeDriver.<init>(ChromeDriver.java:123)
at newTours.Automation.FlightBookingApp.FlightBooking(FlightBookingApp.java:13)
at java.util.ArrayList.forEach(ArrayList.java:1257)
... Removed 27 stack frames]]>
    </failure>
  </testcase> <!-- FlightBooking -->
  <testcase name="Login" time="21.963" classname="newTours.Automation.LoginToApp"/>
  <testcase name="BrokenLinks" time="0.009" classname="newTours.Automation.BrokenLinksOfApp">
    <failure type="java.lang.IllegalStateException" message="The driver executable does not exist: C:\Users\m1014807\eclipse-workspace\Automation\libs\chromedriver.exe">
      <![CDATA[java.lang.IllegalStateException: The driver executable does not exist: C:\Users\m1014807\eclipse-workspace\Automation\libs\chromedriver.exe
at com.google.common.base.Preconditions.checkState(Preconditions.java:585)
at org.openqa.selenium.remote.service.DriverService.checkExecutable(DriverService.java:146)
at org.openqa.selenium.remote.service.DriverService.findExecutable(DriverService.java:141)
at org.openqa.selenium.chrome.ChromeDriverService.access$000(ChromeDriverService.java:35)
at org.openqa.selenium.chrome.ChromeDriverService$Builder.findDefaultExecutable(ChromeDriverService.java:159)
at org.openqa.selenium.remote.service.DriverService$Builder.build(DriverService.java:355)
at org.openqa.selenium.chrome.ChromeDriverService.createDefaultService(ChromeDriverService.java:94)
at org.openqa.selenium.chrome.ChromeDriver.<init>(ChromeDriver.java:123)
at newTours.Automation.BrokenLinksOfApp.BrokenLinks(BrokenLinksOfApp.java:18)
at java.util.ArrayList.forEach(ArrayList.java:1257)
... Removed 27 stack frames]]>
    </failure>
  </testcase> <!-- BrokenLinks -->
  <testcase name="Register" time="24.036" classname="newTours.Automation.RegisterToApp"/>
</testsuite> <!-- Test -->
